Analysis & Synthesis report for CALC
Thu Nov 03 19:14:15 2022
Quartus Prime Version 18.1.0 Build 625 09/12/2018 SJ Lite Edition


---------------------
; Table of Contents ;
---------------------
  1. Legal Notice
  2. Analysis & Synthesis Summary
  3. Analysis & Synthesis Settings
  4. Parallel Compilation
  5. Analysis & Synthesis Source Files Read
  6. Analysis & Synthesis Resource Usage Summary
  7. Analysis & Synthesis Resource Utilization by Entity
  8. Analysis & Synthesis DSP Block Usage Summary
  9. General Register Statistics
 10. Parameter Settings for Inferred Entity Instance: lpm_divide:Mod0
 11. Parameter Settings for Inferred Entity Instance: lpm_divide:Div0
 12. Parameter Settings for Inferred Entity Instance: lpm_divide:Mod1
 13. Post-Synthesis Netlist Statistics for Top Partition
 14. Elapsed Time Per Partition
 15. Analysis & Synthesis Messages



----------------
; Legal Notice ;
----------------
Copyright (C) 2018  Intel Corporation. All rights reserved.
Your use of Intel Corporation's design tools, logic functions 
and other software and tools, and its AMPP partner logic 
functions, and any output files from any of the foregoing 
(including device programming or simulation files), and any 
associated documentation or information are expressly subject 
to the terms and conditions of the Intel Program License 
Subscription Agreement, the Intel Quartus Prime License Agreement,
the Intel FPGA IP License Agreement, or other applicable license
agreement, including, without limitation, that your use is for
the sole purpose of programming logic devices manufactured by
Intel and sold by Intel or its authorized distributors.  Please
refer to the applicable agreement for further details.



+-------------------------------------------------------------------------------+
; Analysis & Synthesis Summary                                                  ;
+---------------------------------+---------------------------------------------+
; Analysis & Synthesis Status     ; Successful - Thu Nov 03 19:14:15 2022       ;
; Quartus Prime Version           ; 18.1.0 Build 625 09/12/2018 SJ Lite Edition ;
; Revision Name                   ; CALC                                        ;
; Top-level Entity Name           ; CALC                                        ;
; Family                          ; Cyclone V                                   ;
; Logic utilization (in ALMs)     ; N/A                                         ;
; Total registers                 ; 0                                           ;
; Total pins                      ; 35                                          ;
; Total virtual pins              ; 0                                           ;
; Total block memory bits         ; 0                                           ;
; Total DSP Blocks                ; 1                                           ;
; Total HSSI RX PCSs              ; 0                                           ;
; Total HSSI PMA RX Deserializers ; 0                                           ;
; Total HSSI TX PCSs              ; 0                                           ;
; Total HSSI PMA TX Serializers   ; 0                                           ;
; Total PLLs                      ; 0                                           ;
; Total DLLs                      ; 0                                           ;
+---------------------------------+---------------------------------------------+


+---------------------------------------------------------------------------------------------------------------------------+
; Analysis & Synthesis Settings                                                                                             ;
+---------------------------------------------------------------------------------+--------------------+--------------------+
; Option                                                                          ; Setting            ; Default Value      ;
+---------------------------------------------------------------------------------+--------------------+--------------------+
; Device                                                                          ; 5CSEMA5F31C6       ;                    ;
; Top-level entity name                                                           ; CALC               ; CALC               ;
; Family name                                                                     ; Cyclone V          ; Cyclone V          ;
; Use smart compilation                                                           ; Off                ; Off                ;
; Enable parallel Assembler and Timing Analyzer during compilation                ; On                 ; On                 ;
; Enable compact report table                                                     ; Off                ; Off                ;
; Restructure Multiplexers                                                        ; Auto               ; Auto               ;
; MLAB Add Timing Constraints For Mixed-Port Feed-Through Mode Setting Don't Care ; Off                ; Off                ;
; Create Debugging Nodes for IP Cores                                             ; Off                ; Off                ;
; Preserve fewer node names                                                       ; On                 ; On                 ;
; Intel FPGA IP Evaluation Mode                                                   ; Enable             ; Enable             ;
; Verilog Version                                                                 ; Verilog_2001       ; Verilog_2001       ;
; VHDL Version                                                                    ; VHDL_1993          ; VHDL_1993          ;
; State Machine Processing                                                        ; Auto               ; Auto               ;
; Safe State Machine                                                              ; Off                ; Off                ;
; Extract Verilog State Machines                                                  ; On                 ; On                 ;
; Extract VHDL State Machines                                                     ; On                 ; On                 ;
; Ignore Verilog initial constructs                                               ; Off                ; Off                ;
; Iteration limit for constant Verilog loops                                      ; 5000               ; 5000               ;
; Iteration limit for non-constant Verilog loops                                  ; 250                ; 250                ;
; Add Pass-Through Logic to Inferred RAMs                                         ; On                 ; On                 ;
; Infer RAMs from Raw Logic                                                       ; On                 ; On                 ;
; Parallel Synthesis                                                              ; On                 ; On                 ;
; DSP Block Balancing                                                             ; Auto               ; Auto               ;
; NOT Gate Push-Back                                                              ; On                 ; On                 ;
; Power-Up Don't Care                                                             ; On                 ; On                 ;
; Remove Redundant Logic Cells                                                    ; Off                ; Off                ;
; Remove Duplicate Registers                                                      ; On                 ; On                 ;
; Ignore CARRY Buffers                                                            ; Off                ; Off                ;
; Ignore CASCADE Buffers                                                          ; Off                ; Off                ;
; Ignore GLOBAL Buffers                                                           ; Off                ; Off                ;
; Ignore ROW GLOBAL Buffers                                                       ; Off                ; Off                ;
; Ignore LCELL Buffers                                                            ; Off                ; Off                ;
; Ignore SOFT Buffers                                                             ; On                 ; On                 ;
; Limit AHDL Integers to 32 Bits                                                  ; Off                ; Off                ;
; Optimization Technique                                                          ; Balanced           ; Balanced           ;
; Carry Chain Length                                                              ; 70                 ; 70                 ;
; Auto Carry Chains                                                               ; On                 ; On                 ;
; Auto Open-Drain Pins                                                            ; On                 ; On                 ;
; Perform WYSIWYG Primitive Resynthesis                                           ; Off                ; Off                ;
; Auto ROM Replacement                                                            ; On                 ; On                 ;
; Auto RAM Replacement                                                            ; On                 ; On                 ;
; Auto DSP Block Replacement                                                      ; On                 ; On                 ;
; Auto Shift Register Replacement                                                 ; Auto               ; Auto               ;
; Allow Shift Register Merging across Hierarchies                                 ; Auto               ; Auto               ;
; Auto Clock Enable Replacement                                                   ; On                 ; On                 ;
; Strict RAM Replacement                                                          ; Off                ; Off                ;
; Allow Synchronous Control Signals                                               ; On                 ; On                 ;
; Force Use of Synchronous Clear Signals                                          ; Off                ; Off                ;
; Auto Resource Sharing                                                           ; Off                ; Off                ;
; Allow Any RAM Size For Recognition                                              ; Off                ; Off                ;
; Allow Any ROM Size For Recognition                                              ; Off                ; Off                ;
; Allow Any Shift Register Size For Recognition                                   ; Off                ; Off                ;
; Use LogicLock Constraints during Resource Balancing                             ; On                 ; On                 ;
; Ignore translate_off and synthesis_off directives                               ; Off                ; Off                ;
; Timing-Driven Synthesis                                                         ; On                 ; On                 ;
; Report Parameter Settings                                                       ; On                 ; On                 ;
; Report Source Assignments                                                       ; On                 ; On                 ;
; Report Connectivity Checks                                                      ; On                 ; On                 ;
; Ignore Maximum Fan-Out Assignments                                              ; Off                ; Off                ;
; Synchronization Register Chain Length                                           ; 3                  ; 3                  ;
; Power Optimization During Synthesis                                             ; Normal compilation ; Normal compilation ;
; HDL message level                                                               ; Level2             ; Level2             ;
; Suppress Register Optimization Related Messages                                 ; Off                ; Off                ;
; Number of Removed Registers Reported in Synthesis Report                        ; 5000               ; 5000               ;
; Number of Swept Nodes Reported in Synthesis Report                              ; 5000               ; 5000               ;
; Number of Inverted Registers Reported in Synthesis Report                       ; 100                ; 100                ;
; Clock MUX Protection                                                            ; On                 ; On                 ;
; Auto Gated Clock Conversion                                                     ; Off                ; Off                ;
; Block Design Naming                                                             ; Auto               ; Auto               ;
; SDC constraint protection                                                       ; Off                ; Off                ;
; Synthesis Effort                                                                ; Auto               ; Auto               ;
; Shift Register Replacement - Allow Asynchronous Clear Signal                    ; On                 ; On                 ;
; Pre-Mapping Resynthesis Optimization                                            ; Off                ; Off                ;
; Analysis & Synthesis Message Level                                              ; Medium             ; Medium             ;
; Disable Register Merging Across Hierarchies                                     ; Auto               ; Auto               ;
; Resource Aware Inference For Block RAM                                          ; On                 ; On                 ;
; Automatic Parallel Synthesis                                                    ; On                 ; On                 ;
; Partial Reconfiguration Bitstream ID                                            ; Off                ; Off                ;
+---------------------------------------------------------------------------------+--------------------+--------------------+


+------------------------------------------+
; Parallel Compilation                     ;
+----------------------------+-------------+
; Processors                 ; Number      ;
+----------------------------+-------------+
; Number detected on machine ; 8           ;
; Maximum allowed            ; 4           ;
;                            ;             ;
; Average used               ; 1.00        ;
; Maximum used               ; 1           ;
;                            ;             ;
; Usage by Processor         ; % Time Used ;
;     Processor 1            ; 100.0%      ;
+----------------------------+-------------+


+--------------------------------------------------------------------------------------------------------------------------------------------------------------------------+
; Analysis & Synthesis Source Files Read                                                                                                                                   ;
+----------------------------------+-----------------+------------------------------+----------------------------------------------------------------------------+---------+
; File Name with User-Entered Path ; Used in Netlist ; File Type                    ; File Name with Absolute Path                                               ; Library ;
+----------------------------------+-----------------+------------------------------+----------------------------------------------------------------------------+---------+
; CALC.vhd                         ; yes             ; User VHDL File               ; F:/logica_rec/PROCEDURE_FUNCTION_exercicio2/CALC.vhd                       ;         ;
; package_calculadora.vhd          ; yes             ; User VHDL File               ; F:/logica_rec/PROCEDURE_FUNCTION_exercicio2/package_calculadora.vhd        ;         ;
; lpm_divide.tdf                   ; yes             ; Megafunction                 ; c:/intelfpga_lite/18.1/quartus/libraries/megafunctions/lpm_divide.tdf      ;         ;
; abs_divider.inc                  ; yes             ; Megafunction                 ; c:/intelfpga_lite/18.1/quartus/libraries/megafunctions/abs_divider.inc     ;         ;
; sign_div_unsign.inc              ; yes             ; Megafunction                 ; c:/intelfpga_lite/18.1/quartus/libraries/megafunctions/sign_div_unsign.inc ;         ;
; aglobal181.inc                   ; yes             ; Megafunction                 ; c:/intelfpga_lite/18.1/quartus/libraries/megafunctions/aglobal181.inc      ;         ;
; db/lpm_divide_82m.tdf            ; yes             ; Auto-Generated Megafunction  ; F:/logica_rec/PROCEDURE_FUNCTION_exercicio2/db/lpm_divide_82m.tdf          ;         ;
; db/sign_div_unsign_bkh.tdf       ; yes             ; Auto-Generated Megafunction  ; F:/logica_rec/PROCEDURE_FUNCTION_exercicio2/db/sign_div_unsign_bkh.tdf     ;         ;
; db/alt_u_div_a4f.tdf             ; yes             ; Auto-Generated Megafunction  ; F:/logica_rec/PROCEDURE_FUNCTION_exercicio2/db/alt_u_div_a4f.tdf           ;         ;
; db/add_sub_7pc.tdf               ; yes             ; Auto-Generated Megafunction  ; F:/logica_rec/PROCEDURE_FUNCTION_exercicio2/db/add_sub_7pc.tdf             ;         ;
; db/add_sub_8pc.tdf               ; yes             ; Auto-Generated Megafunction  ; F:/logica_rec/PROCEDURE_FUNCTION_exercicio2/db/add_sub_8pc.tdf             ;         ;
; db/lpm_divide_3am.tdf            ; yes             ; Auto-Generated Megafunction  ; F:/logica_rec/PROCEDURE_FUNCTION_exercicio2/db/lpm_divide_3am.tdf          ;         ;
; db/sign_div_unsign_9kh.tdf       ; yes             ; Auto-Generated Megafunction  ; F:/logica_rec/PROCEDURE_FUNCTION_exercicio2/db/sign_div_unsign_9kh.tdf     ;         ;
; db/alt_u_div_64f.tdf             ; yes             ; Auto-Generated Megafunction  ; F:/logica_rec/PROCEDURE_FUNCTION_exercicio2/db/alt_u_div_64f.tdf           ;         ;
+----------------------------------+-----------------+------------------------------+----------------------------------------------------------------------------+---------+


+-------------------------------------------------------+
; Analysis & Synthesis Resource Usage Summary           ;
+---------------------------------------------+---------+
; Resource                                    ; Usage   ;
+---------------------------------------------+---------+
; Estimate of Logic utilization (ALMs needed) ; 61      ;
;                                             ;         ;
; Combinational ALUT usage for logic          ; 117     ;
;     -- 7 input functions                    ; 0       ;
;     -- 6 input functions                    ; 5       ;
;     -- 5 input functions                    ; 4       ;
;     -- 4 input functions                    ; 27      ;
;     -- <=3 input functions                  ; 81      ;
;                                             ;         ;
; Dedicated logic registers                   ; 0       ;
;                                             ;         ;
; I/O pins                                    ; 35      ;
;                                             ;         ;
; Total DSP Blocks                            ; 1       ;
;                                             ;         ;
; Maximum fan-out node                        ; Mult0~8 ;
; Maximum fan-out                             ; 24      ;
; Total fan-out                               ; 436     ;
; Average fan-out                             ; 2.32    ;
+---------------------------------------------+---------+


+----------------------------------------------------------------------------------------------------------------------------------------------------------------------------------------------------------------------------------------------------------------------------------------------+
; Analysis & Synthesis Resource Utilization by Entity                                                                                                                                                                                                                                          ;
+----------------------------------------+---------------------+---------------------------+-------------------+------------+------+--------------+-------------------------------------------------------------------------------------------------------+---------------------+--------------+
; Compilation Hierarchy Node             ; Combinational ALUTs ; Dedicated Logic Registers ; Block Memory Bits ; DSP Blocks ; Pins ; Virtual Pins ; Full Hierarchy Name                                                                                   ; Entity Name         ; Library Name ;
+----------------------------------------+---------------------+---------------------------+-------------------+------------+------+--------------+-------------------------------------------------------------------------------------------------------+---------------------+--------------+
; |CALC                                  ; 117 (46)            ; 0 (0)                     ; 0                 ; 1          ; 35   ; 0            ; |CALC                                                                                                 ; CALC                ; work         ;
;    |lpm_divide:Div0|                   ; 26 (0)              ; 0 (0)                     ; 0                 ; 0          ; 0    ; 0            ; |CALC|lpm_divide:Div0                                                                                 ; lpm_divide          ; work         ;
;       |lpm_divide_3am:auto_generated|  ; 26 (0)              ; 0 (0)                     ; 0                 ; 0          ; 0    ; 0            ; |CALC|lpm_divide:Div0|lpm_divide_3am:auto_generated                                                   ; lpm_divide_3am      ; work         ;
;          |sign_div_unsign_9kh:divider| ; 26 (0)              ; 0 (0)                     ; 0                 ; 0          ; 0    ; 0            ; |CALC|lpm_divide:Div0|lpm_divide_3am:auto_generated|sign_div_unsign_9kh:divider                       ; sign_div_unsign_9kh ; work         ;
;             |alt_u_div_64f:divider|    ; 26 (26)             ; 0 (0)                     ; 0                 ; 0          ; 0    ; 0            ; |CALC|lpm_divide:Div0|lpm_divide_3am:auto_generated|sign_div_unsign_9kh:divider|alt_u_div_64f:divider ; alt_u_div_64f       ; work         ;
;    |lpm_divide:Mod0|                   ; 29 (0)              ; 0 (0)                     ; 0                 ; 0          ; 0    ; 0            ; |CALC|lpm_divide:Mod0                                                                                 ; lpm_divide          ; work         ;
;       |lpm_divide_82m:auto_generated|  ; 29 (0)              ; 0 (0)                     ; 0                 ; 0          ; 0    ; 0            ; |CALC|lpm_divide:Mod0|lpm_divide_82m:auto_generated                                                   ; lpm_divide_82m      ; work         ;
;          |sign_div_unsign_bkh:divider| ; 29 (0)              ; 0 (0)                     ; 0                 ; 0          ; 0    ; 0            ; |CALC|lpm_divide:Mod0|lpm_divide_82m:auto_generated|sign_div_unsign_bkh:divider                       ; sign_div_unsign_bkh ; work         ;
;             |alt_u_div_a4f:divider|    ; 29 (29)             ; 0 (0)                     ; 0                 ; 0          ; 0    ; 0            ; |CALC|lpm_divide:Mod0|lpm_divide_82m:auto_generated|sign_div_unsign_bkh:divider|alt_u_div_a4f:divider ; alt_u_div_a4f       ; work         ;
;    |lpm_divide:Mod1|                   ; 16 (0)              ; 0 (0)                     ; 0                 ; 0          ; 0    ; 0            ; |CALC|lpm_divide:Mod1                                                                                 ; lpm_divide          ; work         ;
;       |lpm_divide_82m:auto_generated|  ; 16 (0)              ; 0 (0)                     ; 0                 ; 0          ; 0    ; 0            ; |CALC|lpm_divide:Mod1|lpm_divide_82m:auto_generated                                                   ; lpm_divide_82m      ; work         ;
;          |sign_div_unsign_bkh:divider| ; 16 (0)              ; 0 (0)                     ; 0                 ; 0          ; 0    ; 0            ; |CALC|lpm_divide:Mod1|lpm_divide_82m:auto_generated|sign_div_unsign_bkh:divider                       ; sign_div_unsign_bkh ; work         ;
;             |alt_u_div_a4f:divider|    ; 16 (16)             ; 0 (0)                     ; 0                 ; 0          ; 0    ; 0            ; |CALC|lpm_divide:Mod1|lpm_divide_82m:auto_generated|sign_div_unsign_bkh:divider|alt_u_div_a4f:divider ; alt_u_div_a4f       ; work         ;
+----------------------------------------+---------------------+---------------------------+-------------------+------------+------+--------------+-------------------------------------------------------------------------------------------------------+---------------------+--------------+
Note: For table entries with two numbers listed, the numbers in parentheses indicate the number of resources of the given type used by the specific entity alone. The numbers listed outside of parentheses indicate the total resources of the given type used by the specific entity and all of its sub-entities in the hierarchy.


+-----------------------------------------------+
; Analysis & Synthesis DSP Block Usage Summary  ;
+---------------------------------+-------------+
; Statistic                       ; Number Used ;
+---------------------------------+-------------+
; Independent 9x9                 ; 1           ;
; Total number of DSP blocks      ; 1           ;
;                                 ;             ;
; Fixed Point Unsigned Multiplier ; 1           ;
+---------------------------------+-------------+


+------------------------------------------------------+
; General Register Statistics                          ;
+----------------------------------------------+-------+
; Statistic                                    ; Value ;
+----------------------------------------------+-------+
; Total registers                              ; 0     ;
; Number of registers using Synchronous Clear  ; 0     ;
; Number of registers using Synchronous Load   ; 0     ;
; Number of registers using Asynchronous Clear ; 0     ;
; Number of registers using Asynchronous Load  ; 0     ;
; Number of registers using Clock Enable       ; 0     ;
; Number of registers using Preset             ; 0     ;
+----------------------------------------------+-------+


+------------------------------------------------------------------+
; Parameter Settings for Inferred Entity Instance: lpm_divide:Mod0 ;
+------------------------+----------------+------------------------+
; Parameter Name         ; Value          ; Type                   ;
+------------------------+----------------+------------------------+
; LPM_WIDTHN             ; 6              ; Untyped                ;
; LPM_WIDTHD             ; 6              ; Untyped                ;
; LPM_NREPRESENTATION    ; UNSIGNED       ; Untyped                ;
; LPM_DREPRESENTATION    ; UNSIGNED       ; Untyped                ;
; LPM_PIPELINE           ; 0              ; Untyped                ;
; LPM_REMAINDERPOSITIVE  ; TRUE           ; Untyped                ;
; MAXIMIZE_SPEED         ; 5              ; Untyped                ;
; CBXI_PARAMETER         ; lpm_divide_82m ; Untyped                ;
; CARRY_CHAIN            ; MANUAL         ; Untyped                ;
; OPTIMIZE_FOR_SPEED     ; 5              ; Untyped                ;
; AUTO_CARRY_CHAINS      ; ON             ; AUTO_CARRY             ;
; IGNORE_CARRY_BUFFERS   ; OFF            ; IGNORE_CARRY           ;
; AUTO_CASCADE_CHAINS    ; ON             ; AUTO_CASCADE           ;
; IGNORE_CASCADE_BUFFERS ; OFF            ; IGNORE_CASCADE         ;
+------------------------+----------------+------------------------+
Note: In order to hide this table in the UI and the text report file, please set the "Show Parameter Settings in Synthesis Report" option in "Analysis and Synthesis Settings -> More Settings" to "Off".


+------------------------------------------------------------------+
; Parameter Settings for Inferred Entity Instance: lpm_divide:Div0 ;
+------------------------+----------------+------------------------+
; Parameter Name         ; Value          ; Type                   ;
+------------------------+----------------+------------------------+
; LPM_WIDTHN             ; 6              ; Untyped                ;
; LPM_WIDTHD             ; 4              ; Untyped                ;
; LPM_NREPRESENTATION    ; UNSIGNED       ; Untyped                ;
; LPM_DREPRESENTATION    ; UNSIGNED       ; Untyped                ;
; LPM_PIPELINE           ; 0              ; Untyped                ;
; LPM_REMAINDERPOSITIVE  ; TRUE           ; Untyped                ;
; MAXIMIZE_SPEED         ; 5              ; Untyped                ;
; CBXI_PARAMETER         ; lpm_divide_3am ; Untyped                ;
; CARRY_CHAIN            ; MANUAL         ; Untyped                ;
; OPTIMIZE_FOR_SPEED     ; 5              ; Untyped                ;
; AUTO_CARRY_CHAINS      ; ON             ; AUTO_CARRY             ;
; IGNORE_CARRY_BUFFERS   ; OFF            ; IGNORE_CARRY           ;
; AUTO_CASCADE_CHAINS    ; ON             ; AUTO_CASCADE           ;
; IGNORE_CASCADE_BUFFERS ; OFF            ; IGNORE_CASCADE         ;
+------------------------+----------------+------------------------+
Note: In order to hide this table in the UI and the text report file, please set the "Show Parameter Settings in Synthesis Report" option in "Analysis and Synthesis Settings -> More Settings" to "Off".


+------------------------------------------------------------------+
; Parameter Settings for Inferred Entity Instance: lpm_divide:Mod1 ;
+------------------------+----------------+------------------------+
; Parameter Name         ; Value          ; Type                   ;
+------------------------+----------------+------------------------+
; LPM_WIDTHN             ; 6              ; Untyped                ;
; LPM_WIDTHD             ; 6              ; Untyped                ;
; LPM_NREPRESENTATION    ; UNSIGNED       ; Untyped                ;
; LPM_DREPRESENTATION    ; UNSIGNED       ; Untyped                ;
; LPM_PIPELINE           ; 0              ; Untyped                ;
; LPM_REMAINDERPOSITIVE  ; TRUE           ; Untyped                ;
; MAXIMIZE_SPEED         ; 5              ; Untyped                ;
; CBXI_PARAMETER         ; lpm_divide_82m ; Untyped                ;
; CARRY_CHAIN            ; MANUAL         ; Untyped                ;
; OPTIMIZE_FOR_SPEED     ; 5              ; Untyped                ;
; AUTO_CARRY_CHAINS      ; ON             ; AUTO_CARRY             ;
; IGNORE_CARRY_BUFFERS   ; OFF            ; IGNORE_CARRY           ;
; AUTO_CASCADE_CHAINS    ; ON             ; AUTO_CASCADE           ;
; IGNORE_CASCADE_BUFFERS ; OFF            ; IGNORE_CASCADE         ;
+------------------------+----------------+------------------------+
Note: In order to hide this table in the UI and the text report file, please set the "Show Parameter Settings in Synthesis Report" option in "Analysis and Synthesis Settings -> More Settings" to "Off".


+-----------------------------------------------------+
; Post-Synthesis Netlist Statistics for Top Partition ;
+-----------------------+-----------------------------+
; Type                  ; Count                       ;
+-----------------------+-----------------------------+
; arriav_lcell_comb     ; 119                         ;
;     arith             ; 49                          ;
;         0 data inputs ; 14                          ;
;         1 data inputs ; 1                           ;
;         2 data inputs ; 10                          ;
;         3 data inputs ; 15                          ;
;         4 data inputs ; 9                           ;
;     normal            ; 64                          ;
;         1 data inputs ; 2                           ;
;         2 data inputs ; 10                          ;
;         3 data inputs ; 25                          ;
;         4 data inputs ; 18                          ;
;         5 data inputs ; 4                           ;
;         6 data inputs ; 5                           ;
;     shared            ; 6                           ;
;         0 data inputs ; 4                           ;
;         1 data inputs ; 2                           ;
; arriav_mac            ; 1                           ;
; boundary_port         ; 35                          ;
;                       ;                             ;
; Max LUT depth         ; 11.60                       ;
; Average LUT depth     ; 8.83                        ;
+-----------------------+-----------------------------+


+-------------------------------+
; Elapsed Time Per Partition    ;
+----------------+--------------+
; Partition Name ; Elapsed Time ;
+----------------+--------------+
; Top            ; 00:00:03     ;
+----------------+--------------+


+-------------------------------+
; Analysis & Synthesis Messages ;
+-------------------------------+
Info: *******************************************************************
Info: Running Quartus Prime Analysis & Synthesis
    Info: Version 18.1.0 Build 625 09/12/2018 SJ Lite Edition
    Info: Processing started: Thu Nov 03 19:13:56 2022
Info: Command: quartus_map --read_settings_files=on --write_settings_files=off CALC -c CALC
Warning (18236): Number of processors has not been specified which may cause overloading on shared machines.  Set the global assignment NUM_PARALLEL_PROCESSORS in your QSF to an appropriate value for best performance.
Info (20030): Parallel compilation is enabled and will use 4 of the 4 processors detected
Info (12021): Found 2 design units, including 1 entities, in source file calc.vhd
    Info (12022): Found design unit 1: CALC-logic File: F:/logica_rec/PROCEDURE_FUNCTION_exercicio2/CALC.vhd Line: 22
    Info (12023): Found entity 1: CALC File: F:/logica_rec/PROCEDURE_FUNCTION_exercicio2/CALC.vhd Line: 12
Info (12021): Found 2 design units, including 0 entities, in source file package_calculadora.vhd
    Info (12022): Found design unit 1: package_calculadora File: F:/logica_rec/PROCEDURE_FUNCTION_exercicio2/package_calculadora.vhd Line: 6
    Info (12022): Found design unit 2: package_calculadora-body File: F:/logica_rec/PROCEDURE_FUNCTION_exercicio2/package_calculadora.vhd Line: 18
Info (12127): Elaborating entity "CALC" for the top level hierarchy
Warning (10036): Verilog HDL or VHDL warning at CALC.vhd(25): object "centena" assigned a value but never read File: F:/logica_rec/PROCEDURE_FUNCTION_exercicio2/CALC.vhd Line: 25
Warning (10036): Verilog HDL or VHDL warning at CALC.vhd(25): object "milhar" assigned a value but never read File: F:/logica_rec/PROCEDURE_FUNCTION_exercicio2/CALC.vhd Line: 25
Warning (10492): VHDL Process Statement warning at CALC.vhd(31): signal "B" is read inside the Process Statement but isn't in the Process Statement's sensitivity list File: F:/logica_rec/PROCEDURE_FUNCTION_exercicio2/CALC.vhd Line: 31
Warning (10492): VHDL Process Statement warning at CALC.vhd(32): signal "A" is read inside the Process Statement but isn't in the Process Statement's sensitivity list File: F:/logica_rec/PROCEDURE_FUNCTION_exercicio2/CALC.vhd Line: 32
Warning (10492): VHDL Process Statement warning at CALC.vhd(33): signal "A" is read inside the Process Statement but isn't in the Process Statement's sensitivity list File: F:/logica_rec/PROCEDURE_FUNCTION_exercicio2/CALC.vhd Line: 33
Warning (10492): VHDL Process Statement warning at CALC.vhd(33): signal "B" is read inside the Process Statement but isn't in the Process Statement's sensitivity list File: F:/logica_rec/PROCEDURE_FUNCTION_exercicio2/CALC.vhd Line: 33
Warning (10492): VHDL Process Statement warning at CALC.vhd(34): signal "OUTPUT" is read inside the Process Statement but isn't in the Process Statement's sensitivity list File: F:/logica_rec/PROCEDURE_FUNCTION_exercicio2/CALC.vhd Line: 34
Warning (10492): VHDL Process Statement warning at CALC.vhd(35): signal "unidade" is read inside the Process Statement but isn't in the Process Statement's sensitivity list File: F:/logica_rec/PROCEDURE_FUNCTION_exercicio2/CALC.vhd Line: 35
Warning (10492): VHDL Process Statement warning at CALC.vhd(36): signal "dezena" is read inside the Process Statement but isn't in the Process Statement's sensitivity list File: F:/logica_rec/PROCEDURE_FUNCTION_exercicio2/CALC.vhd Line: 36
Info (278001): Inferred 3 megafunctions from design logic
    Info (278004): Inferred divider/modulo megafunction ("lpm_divide") from the following logic: "Mod0" File: F:/logica_rec/PROCEDURE_FUNCTION_exercicio2/package_calculadora.vhd Line: 73
    Info (278004): Inferred divider/modulo megafunction ("lpm_divide") from the following logic: "Div0" File: F:/logica_rec/PROCEDURE_FUNCTION_exercicio2/package_calculadora.vhd Line: 74
    Info (278004): Inferred divider/modulo megafunction ("lpm_divide") from the following logic: "Mod1" File: F:/logica_rec/PROCEDURE_FUNCTION_exercicio2/package_calculadora.vhd Line: 74
Info (12130): Elaborated megafunction instantiation "lpm_divide:Mod0" File: F:/logica_rec/PROCEDURE_FUNCTION_exercicio2/package_calculadora.vhd Line: 73
Info (12133): Instantiated megafunction "lpm_divide:Mod0" with the following parameter: File: F:/logica_rec/PROCEDURE_FUNCTION_exercicio2/package_calculadora.vhd Line: 73
    Info (12134): Parameter "LPM_WIDTHN" = "6"
    Info (12134): Parameter "LPM_WIDTHD" = "6"
    Info (12134): Parameter "LPM_NREPRESENTATION" = "UNSIGNED"
    Info (12134): Parameter "LPM_DREPRESENTATION" = "UNSIGNED"
Info (12021): Found 1 design units, including 1 entities, in source file db/lpm_divide_82m.tdf
    Info (12023): Found entity 1: lpm_divide_82m File: F:/logica_rec/PROCEDURE_FUNCTION_exercicio2/db/lpm_divide_82m.tdf Line: 24
Info (12021): Found 1 design units, including 1 entities, in source file db/sign_div_unsign_bkh.tdf
    Info (12023): Found entity 1: sign_div_unsign_bkh File: F:/logica_rec/PROCEDURE_FUNCTION_exercicio2/db/sign_div_unsign_bkh.tdf Line: 24
Info (12021): Found 1 design units, including 1 entities, in source file db/alt_u_div_a4f.tdf
    Info (12023): Found entity 1: alt_u_div_a4f File: F:/logica_rec/PROCEDURE_FUNCTION_exercicio2/db/alt_u_div_a4f.tdf Line: 26
Info (12021): Found 1 design units, including 1 entities, in source file db/add_sub_7pc.tdf
    Info (12023): Found entity 1: add_sub_7pc File: F:/logica_rec/PROCEDURE_FUNCTION_exercicio2/db/add_sub_7pc.tdf Line: 22
Info (12021): Found 1 design units, including 1 entities, in source file db/add_sub_8pc.tdf
    Info (12023): Found entity 1: add_sub_8pc File: F:/logica_rec/PROCEDURE_FUNCTION_exercicio2/db/add_sub_8pc.tdf Line: 22
Info (12130): Elaborated megafunction instantiation "lpm_divide:Div0" File: F:/logica_rec/PROCEDURE_FUNCTION_exercicio2/package_calculadora.vhd Line: 74
Info (12133): Instantiated megafunction "lpm_divide:Div0" with the following parameter: File: F:/logica_rec/PROCEDURE_FUNCTION_exercicio2/package_calculadora.vhd Line: 74
    Info (12134): Parameter "LPM_WIDTHN" = "6"
    Info (12134): Parameter "LPM_WIDTHD" = "4"
    Info (12134): Parameter "LPM_NREPRESENTATION" = "UNSIGNED"
    Info (12134): Parameter "LPM_DREPRESENTATION" = "UNSIGNED"
Info (12021): Found 1 design units, including 1 entities, in source file db/lpm_divide_3am.tdf
    Info (12023): Found entity 1: lpm_divide_3am File: F:/logica_rec/PROCEDURE_FUNCTION_exercicio2/db/lpm_divide_3am.tdf Line: 24
Info (12021): Found 1 design units, including 1 entities, in source file db/sign_div_unsign_9kh.tdf
    Info (12023): Found entity 1: sign_div_unsign_9kh File: F:/logica_rec/PROCEDURE_FUNCTION_exercicio2/db/sign_div_unsign_9kh.tdf Line: 24
Info (12021): Found 1 design units, including 1 entities, in source file db/alt_u_div_64f.tdf
    Info (12023): Found entity 1: alt_u_div_64f File: F:/logica_rec/PROCEDURE_FUNCTION_exercicio2/db/alt_u_div_64f.tdf Line: 26
Info (286030): Timing-Driven Synthesis is running
Warning (20013): Ignored 24 assignments for entity "ghrd_top" -- entity does not exist in design
    Warning (20014): Assignment for entity set_instance_assignment -name PARTITION_HIERARCHY root_partition -to | -entity ghrd_top -section_id Top was ignored
    Warning (20014): Assignment for entity set_global_assignment -name PARTITION_NETLIST_TYPE SOURCE -entity ghrd_top -section_id Top was ignored
    Warning (20014): Assignment for entity set_global_assignment -name PARTITION_FITTER_PRESERVATION_LEVEL PLACEMENT_AND_ROUTING -entity ghrd_top -section_id Top was ignored
    Warning (20014): Assignment for entity set_global_assignment -name PARTITION_PRESERVE_HIGH_SPEED_TILES ON -entity ghrd_top -section_id Top was ignored
    Warning (20014): Assignment for entity set_global_assignment -name PARTITION_IGNORE_SOURCE_FILE_CHANGES OFF -entity ghrd_top -section_id Top was ignored
    Warning (20014): Assignment for entity set_global_assignment -name PARTITION_ALWAYS_USE_QXP_NETLIST OFF -entity ghrd_top -section_id Top was ignored
    Warning (20014): Assignment for entity set_global_assignment -name PARTITION_COLOR 16764057 -entity ghrd_top -section_id Top was ignored
    Warning (20014): Assignment for entity set_global_assignment -name PARTITION_IMPORT_ASSIGNMENTS ON -entity ghrd_top -section_id Top was ignored
    Warning (20014): Assignment for entity set_global_assignment -name PARTITION_IMPORT_EXISTING_ASSIGNMENTS REPLACE_CONFLICTING -entity ghrd_top -section_id Top was ignored
    Warning (20014): Assignment for entity set_global_assignment -name PARTITION_IMPORT_EXISTING_LOGICLOCK_REGIONS UPDATE_CONFLICTING -entity ghrd_top -section_id Top was ignored
    Warning (20014): Assignment for entity set_global_assignment -name PARTITION_IMPORT_PIN_ASSIGNMENTS ON -entity ghrd_top -section_id Top was ignored
    Warning (20014): Assignment for entity set_global_assignment -name PARTITION_IMPORT_PROMOTE_ASSIGNMENTS ON -entity ghrd_top -section_id Top was ignored
    Warning (20014): Assignment for entity set_global_assignment -name PARTITION_TYPE STANDARD_PARTITION -entity ghrd_top -section_id Top was ignored
    Warning (20014): Assignment for entity set_global_assignment -name ALLOW_MULTIPLE_PERSONAS OFF -entity ghrd_top -section_id Top was ignored
    Warning (20014): Assignment for entity set_global_assignment -name PARTITION_ASD_REGION_ID 1 -entity ghrd_top -section_id Top was ignored
    Warning (20014): Assignment for entity set_global_assignment -name CROSS_BOUNDARY_OPTIMIZATIONS OFF -entity ghrd_top -section_id Top was ignored
    Warning (20014): Assignment for entity set_global_assignment -name PROPAGATE_CONSTANTS_ON_INPUTS ON -entity ghrd_top -section_id Top was ignored
    Warning (20014): Assignment for entity set_global_assignment -name PROPAGATE_INVERSIONS_ON_INPUTS ON -entity ghrd_top -section_id Top was ignored
    Warning (20014): Assignment for entity set_global_assignment -name REMOVE_LOGIC_ON_UNCONNECTED_OUTPUTS ON -entity ghrd_top -section_id Top was ignored
    Warning (20014): Assignment for entity set_global_assignment -name MERGE_EQUIVALENT_INPUTS ON -entity ghrd_top -section_id Top was ignored
    Warning (20014): Assignment for entity set_global_assignment -name MERGE_EQUIVALENT_BIDIRS ON -entity ghrd_top -section_id Top was ignored
    Warning (20014): Assignment for entity set_global_assignment -name ABSORB_PATHS_FROM_OUTPUTS_TO_INPUTS ON -entity ghrd_top -section_id Top was ignored
    Warning (20014): Assignment for entity set_global_assignment -name PARTITION_EXTRACT_HARD_BLOCK_NODES ON -entity ghrd_top -section_id Top was ignored
    Warning (20014): Assignment for entity set_global_assignment -name PARTITION_ENABLE_STRICT_PRESERVATION OFF -entity ghrd_top -section_id Top was ignored
Info (16010): Generating hard_block partition "hard_block:auto_generated_inst"
    Info (16011): Adding 0 node(s), including 0 DDIO, 0 PLL, 0 transceiver and 0 LCELL
Info (21057): Implemented 153 device resources after synthesis - the final resource count might be different
    Info (21058): Implemented 7 input pins
    Info (21059): Implemented 28 output pins
    Info (21061): Implemented 117 logic cells
    Info (21062): Implemented 1 DSP elements
Info: Quartus Prime Analysis & Synthesis was successful. 0 errors, 35 warnings
    Info: Peak virtual memory: 4868 megabytes
    Info: Processing ended: Thu Nov 03 19:14:16 2022
    Info: Elapsed time: 00:00:20
    Info: Total CPU time (on all processors): 00:00:26


